# JRE version: OpenJDK Runtime Environment (8.0_242-b01) (build 1.8.0_242-release-1644-b01)
# Java VM: OpenJDK 64-Bit Server VM (25.242-b01 mixed mode windows-amd64 compressed oops)
Heap:
 PSYoungGen      total 584704K, used 278906K [0x00000000d5580000, 0x00000000fcd00000, 0x0000000100000000)
  eden space 528896K, 50% used [0x00000000d5580000,0x00000000e5c3cc80,0x00000000f5a00000)
  from space 55808K, 17% used [0x00000000f5a00000,0x00000000f63a1c30,0x00000000f9080000)
  to   space 58880K, 0% used [0x00000000f9080000,0x00000000f9080000,0x00000000fca00000)
 ParOldGen       total 454144K, used 227834K [0x0000000080000000, 0x000000009bb80000, 0x00000000d5580000)
  object space 454144K, 50% used [0x0000000080000000,0x000000008de7e9e0,0x000000009bb80000)
 Metaspace       used 83821K, capacity 88002K, committed 91928K, reserved 1128448K
  class space    used 11348K, capacity 12136K, committed 13096K, reserved 1048576K
GC Heap History (10 events):
Event: 9.405 GC heap before
{Heap before GC invocations=21 (full 4):
 PSYoungGen      total 416768K, used 350208K [0x00000000d5580000, 0x00000000f2e00000, 0x0000000100000000)
  eden space 350208K, 100% used [0x00000000d5580000,0x00000000eab80000,0x00000000eab80000)
  from space 66560K, 0% used [0x00000000eea80000,0x00000000eea80000,0x00000000f2b80000)
  to   space 64512K, 0% used [0x00000000eab80000,0x00000000eab80000,0x00000000eea80000)
 ParOldGen       total 454144K, used 180129K [0x0000000080000000, 0x000000009bb80000, 0x00000000d5580000)
  object space 454144K, 39% used [0x0000000080000000,0x000000008afe8760,0x000000009bb80000)
 Metaspace       used 82355K, capacity 86370K, committed 90648K, reserved 1126400K
  class space    used 11319K, capacity 12076K, committed 13096K, reserved 1048576K
Event: 9.415 GC heap after
Heap after GC invocations=21 (full 4):
 PSYoungGen      total 414720K, used 15960K [0x00000000d5580000, 0x00000000f7600000, 0x0000000100000000)
  eden space 350208K, 0% used [0x00000000d5580000,0x00000000d5580000,0x00000000eab80000)
  from space 64512K, 24% used [0x00000000eab80000,0x00000000ebb161f8,0x00000000eea80000)
  to   space 62464K, 0% used [0x00000000f3900000,0x00000000f3900000,0x00000000f7600000)
 ParOldGen       total 454144K, used 180129K [0x0000000080000000, 0x000000009bb80000, 0x00000000d5580000)
  object space 454144K, 39% used [0x0000000080000000,0x000000008afe8760,0x000000009bb80000)
 Metaspace       used 82355K, capacity 86370K, committed 90648K, reserved 1126400K
  class space    used 11319K, capacity 12076K, committed 13096K, reserved 1048576K
}
Event: 9.723 GC heap before
{Heap before GC invocations=22 (full 4):
 PSYoungGen      total 414720K, used 366168K [0x00000000d5580000, 0x00000000f7600000, 0x0000000100000000)
  eden space 350208K, 100% used [0x00000000d5580000,0x00000000eab80000,0x00000000eab80000)
  from space 64512K, 24% used [0x00000000eab80000,0x00000000ebb161f8,0x00000000eea80000)
  to   space 62464K, 0% used [0x00000000f3900000,0x00000000f3900000,0x00000000f7600000)
 ParOldGen       total 454144K, used 180129K [0x0000000080000000, 0x000000009bb80000, 0x00000000d5580000)
  object space 454144K, 39% used [0x0000000080000000,0x000000008afe8760,0x000000009bb80000)
 Metaspace       used 82655K, capacity 86760K, committed 90904K, reserved 1126400K
  class space    used 11341K, capacity 12131K, committed 13096K, reserved 1048576K
Event: 9.736 GC heap after
Heap after GC invocations=22 (full 4):
 PSYoungGen      total 487936K, used 7047K [0x00000000d5580000, 0x00000000f7180000, 0x0000000100000000)
  eden space 430080K, 0% used [0x00000000d5580000,0x00000000d5580000,0x00000000ef980000)
  from space 57856K, 12% used [0x00000000f3900000,0x00000000f3fe1c50,0x00000000f7180000)
  to   space 61440K, 0% used [0x00000000ef980000,0x00000000ef980000,0x00000000f3580000)
 ParOldGen       total 454144K, used 194002K [0x0000000080000000, 0x000000009bb80000, 0x00000000d5580000)
  object space 454144K, 42% used [0x0000000080000000,0x000000008bd74b78,0x000000009bb80000)
 Metaspace       used 82655K, capacity 86760K, committed 90904K, reserved 1126400K
  class space    used 11341K, capacity 12131K, committed 13096K, reserved 1048576K
}
Event: 10.081 GC heap before
{Heap before GC invocations=23 (full 4):
 PSYoungGen      total 487936K, used 437127K [0x00000000d5580000, 0x00000000f7180000, 0x0000000100000000)
  eden space 430080K, 100% used [0x00000000d5580000,0x00000000ef980000,0x00000000ef980000)
  from space 57856K, 12% used [0x00000000f3900000,0x00000000f3fe1c50,0x00000000f7180000)
  to   space 61440K, 0% used [0x00000000ef980000,0x00000000ef980000,0x00000000f3580000)
 ParOldGen       total 454144K, used 194002K [0x0000000080000000, 0x000000009bb80000, 0x00000000d5580000)
  object space 454144K, 42% used [0x0000000080000000,0x000000008bd74b78,0x000000009bb80000)
 Metaspace       used 82957K, capacity 87094K, committed 91160K, reserved 1128448K
  class space    used 11343K, capacity 12132K, committed 13096K, reserved 1048576K
Event: 10.097 GC heap after
Heap after GC invocations=23 (full 4):
 PSYoungGen      total 491520K, used 15510K [0x00000000d5580000, 0x00000000fca00000, 0x0000000100000000)
  eden space 430080K, 0% used [0x00000000d5580000,0x00000000d5580000,0x00000000ef980000)
  from space 61440K, 25% used [0x00000000ef980000,0x00000000f08a5a90,0x00000000f3580000)
  to   space 58880K, 0% used [0x00000000f9080000,0x00000000f9080000,0x00000000fca00000)
 ParOldGen       total 454144K, used 199227K [0x0000000080000000, 0x000000009bb80000, 0x00000000d5580000)
  object space 454144K, 43% used [0x0000000080000000,0x000000008c28ed88,0x000000009bb80000)
 Metaspace       used 82957K, capacity 87094K, committed 91160K, reserved 1128448K
  class space    used 11343K, capacity 12132K, committed 13096K, reserved 1048576K
}
Event: 10.363 GC heap before
{Heap before GC invocations=24 (full 4):
 PSYoungGen      total 491520K, used 445590K [0x00000000d5580000, 0x00000000fca00000, 0x0000000100000000)
  eden space 430080K, 100% used [0x00000000d5580000,0x00000000ef980000,0x00000000ef980000)
  from space 61440K, 25% used [0x00000000ef980000,0x00000000f08a5a90,0x00000000f3580000)
  to   space 58880K, 0% used [0x00000000f9080000,0x00000000f9080000,0x00000000fca00000)
 ParOldGen       total 454144K, used 199227K [0x0000000080000000, 0x000000009bb80000, 0x00000000d5580000)
  object space 454144K, 43% used [0x0000000080000000,0x000000008c28ed88,0x000000009bb80000)
 Metaspace       used 83299K, capacity 87476K, committed 91416K, reserved 1128448K
  class space    used 11346K, capacity 12135K, committed 13096K, reserved 1048576K
Event: 10.394 GC heap after
Heap after GC invocations=24 (full 4):
 PSYoungGen      total 587776K, used 23889K [0x00000000d5580000, 0x00000000fcd00000, 0x0000000100000000)
  eden space 528896K, 0% used [0x00000000d5580000,0x00000000d5580000,0x00000000f5a00000)
  from space 58880K, 40% used [0x00000000f9080000,0x00000000fa7d4558,0x00000000fca00000)
  to   space 55808K, 0% used [0x00000000f5a00000,0x00000000f5a00000,0x00000000f9080000)
 ParOldGen       total 454144K, used 209444K [0x0000000080000000, 0x000000009bb80000, 0x00000000d5580000)
  object space 454144K, 46% used [0x0000000080000000,0x000000008cc893f8,0x000000009bb80000)
 Metaspace       used 83299K, capacity 87476K, committed 91416K, reserved 1128448K
  class space    used 11346K, capacity 12135K, committed 13096K, reserved 1048576K
}
Event: 10.733 GC heap before
{Heap before GC invocations=25 (full 4):
 PSYoungGen      total 587776K, used 552785K [0x00000000d5580000, 0x00000000fcd00000, 0x0000000100000000)
  eden space 528896K, 100% used [0x00000000d5580000,0x00000000f5a00000,0x00000000f5a00000)
  from space 58880K, 40% used [0x00000000f9080000,0x00000000fa7d4558,0x00000000fca00000)
  to   space 55808K, 0% used [0x00000000f5a00000,0x00000000f5a00000,0x00000000f9080000)
 ParOldGen       total 454144K, used 209444K [0x0000000080000000, 0x000000009bb80000, 0x00000000d5580000)
  object space 454144K, 46% used [0x0000000080000000,0x000000008cc893f8,0x000000009bb80000)
 Metaspace       used 83723K, capacity 87930K, committed 91928K, reserved 1128448K
  class space    used 11348K, capacity 12136K, committed 13096K, reserved 1048576K
Event: 10.754 GC heap after
Heap after GC invocations=25 (full 4):
 PSYoungGen      total 584704K, used 9863K [0x00000000d5580000, 0x00000000fcd00000, 0x0000000100000000)
  eden space 528896K, 0% used [0x00000000d5580000,0x00000000d5580000,0x00000000f5a00000)
  from space 55808K, 17% used [0x00000000f5a00000,0x00000000f63a1c30,0x00000000f9080000)
  to   space 58880K, 0% used [0x00000000f9080000,0x00000000f9080000,0x00000000fca00000)
 ParOldGen       total 454144K, used 227834K [0x0000000080000000, 0x000000009bb80000, 0x00000000d5580000)
  object space 454144K, 50% used [0x0000000080000000,0x000000008de7e9e0,0x000000009bb80000)
 Metaspace       used 83723K, capacity 87930K, committed 91928K, reserved 1128448K
  class space    used 11348K, capacity 12136K, committed 13096K, reserved 1048576K
}

