# JRE version: OpenJDK Runtime Environment (8.0_242-b01) (build 1.8.0_242-release-1644-b01)
# Java VM: OpenJDK 64-Bit Server VM (25.242-b01 mixed mode windows-amd64 compressed oops)
Heap:
 PSYoungGen      total 568832K, used 269609K [0x00000000d5580000, 0x00000000ffd80000, 0x0000000100000000)
  eden space 438784K, 53% used [0x00000000d5580000,0x00000000e3938600,0x00000000f0200000)
  from space 130048K, 28% used [0x00000000f0200000,0x00000000f2591f28,0x00000000f8100000)
  to   space 126976K, 0% used [0x00000000f8180000,0x00000000f8180000,0x00000000ffd80000)
 ParOldGen       total 487936K, used 96949K [0x0000000080000000, 0x000000009dc80000, 0x00000000d5580000)
  object space 487936K, 19% used [0x0000000080000000,0x0000000085ead590,0x000000009dc80000)
 Metaspace       used 94976K, capacity 100168K, committed 102616K, reserved 1138688K
  class space    used 12452K, capacity 13403K, committed 14080K, reserved 1048576K
GC Heap History (10 events):
Event: 15.523 GC heap before
{Heap before GC invocations=41 (full 5):
 PSYoungGen      total 566272K, used 501830K [0x00000000d5580000, 0x00000000fff00000, 0x0000000100000000)
  eden space 449536K, 100% used [0x00000000d5580000,0x00000000f0c80000,0x00000000f0c80000)
  from space 116736K, 44% used [0x00000000f0c80000,0x00000000f3f91aa0,0x00000000f7e80000)
  to   space 114176K, 0% used [0x00000000f8f80000,0x00000000f8f80000,0x00000000fff00000)
 ParOldGen       total 238080K, used 218381K [0x0000000080000000, 0x000000008e880000, 0x00000000d5580000)
  object space 238080K, 91% used [0x0000000080000000,0x000000008d5436f8,0x000000008e880000)
 Metaspace       used 85082K, capacity 89618K, committed 93656K, reserved 1130496K
  class space    used 11473K, capacity 12310K, committed 13312K, reserved 1048576K
Event: 15.537 GC heap after
Heap after GC invocations=41 (full 5):
 PSYoungGen      total 579584K, used 24206K [0x00000000d5580000, 0x0000000100000000, 0x0000000100000000)
  eden space 465408K, 0% used [0x00000000d5580000,0x00000000d5580000,0x00000000f1c00000)
  from space 114176K, 21% used [0x00000000f8f80000,0x00000000fa723be8,0x00000000fff00000)
  to   space 116736K, 0% used [0x00000000f1c00000,0x00000000f1c00000,0x00000000f8e00000)
 ParOldGen       total 238080K, used 222972K [0x0000000080000000, 0x000000008e880000, 0x00000000d5580000)
  object space 238080K, 93% used [0x0000000080000000,0x000000008d9bf338,0x000000008e880000)
 Metaspace       used 85082K, capacity 89618K, committed 93656K, reserved 1130496K
  class space    used 11473K, capacity 12310K, committed 13312K, reserved 1048576K
}
Event: 15.537 GC heap before
{Heap before GC invocations=42 (full 6):
 PSYoungGen      total 579584K, used 24206K [0x00000000d5580000, 0x0000000100000000, 0x0000000100000000)
  eden space 465408K, 0% used [0x00000000d5580000,0x00000000d5580000,0x00000000f1c00000)
  from space 114176K, 21% used [0x00000000f8f80000,0x00000000fa723be8,0x00000000fff00000)
  to   space 116736K, 0% used [0x00000000f1c00000,0x00000000f1c00000,0x00000000f8e00000)
 ParOldGen       total 238080K, used 222972K [0x0000000080000000, 0x000000008e880000, 0x00000000d5580000)
  object space 238080K, 93% used [0x0000000080000000,0x000000008d9bf338,0x000000008e880000)
 Metaspace       used 85082K, capacity 89618K, committed 93656K, reserved 1130496K
  class space    used 11473K, capacity 12310K, committed 13312K, reserved 1048576K
Event: 15.648 GC heap after
Heap after GC invocations=42 (full 6):
 PSYoungGen      total 579584K, used 0K [0x00000000d5580000, 0x0000000100000000, 0x0000000100000000)
  eden space 465408K, 0% used [0x00000000d5580000,0x00000000d5580000,0x00000000f1c00000)
  from space 114176K, 0% used [0x00000000f8f80000,0x00000000f8f80000,0x00000000fff00000)
  to   space 116736K, 0% used [0x00000000f1c00000,0x00000000f1c00000,0x00000000f8e00000)
 ParOldGen       total 487936K, used 96925K [0x0000000080000000, 0x000000009dc80000, 0x00000000d5580000)
  object space 487936K, 19% used [0x0000000080000000,0x0000000085ea7590,0x000000009dc80000)
 Metaspace       used 85056K, capacity 89536K, committed 93656K, reserved 1130496K
  class space    used 11464K, capacity 12295K, committed 13312K, reserved 1048576K
}
Event: 16.321 GC heap before
{Heap before GC invocations=43 (full 6):
 PSYoungGen      total 579584K, used 465408K [0x00000000d5580000, 0x0000000100000000, 0x0000000100000000)
  eden space 465408K, 100% used [0x00000000d5580000,0x00000000f1c00000,0x00000000f1c00000)
  from space 114176K, 0% used [0x00000000f8f80000,0x00000000f8f80000,0x00000000fff00000)
  to   space 116736K, 0% used [0x00000000f1c00000,0x00000000f1c00000,0x00000000f8e00000)
 ParOldGen       total 487936K, used 96925K [0x0000000080000000, 0x000000009dc80000, 0x00000000d5580000)
  object space 487936K, 19% used [0x0000000080000000,0x0000000085ea7590,0x000000009dc80000)
 Metaspace       used 85930K, capacity 90610K, committed 94168K, reserved 1130496K
  class space    used 11564K, capacity 12410K, committed 13312K, reserved 1048576K
Event: 16.356 GC heap after
Heap after GC invocations=43 (full 6):
 PSYoungGen      total 568320K, used 102662K [0x00000000d5580000, 0x0000000100000000, 0x0000000100000000)
  eden space 465408K, 0% used [0x00000000d5580000,0x00000000d5580000,0x00000000f1c00000)
  from space 102912K, 99% used [0x00000000f1c00000,0x00000000f8041b48,0x00000000f8080000)
  to   space 126464K, 0% used [0x00000000f8480000,0x00000000f8480000,0x0000000100000000)
 ParOldGen       total 487936K, used 96933K [0x0000000080000000, 0x000000009dc80000, 0x00000000d5580000)
  object space 487936K, 19% used [0x0000000080000000,0x0000000085ea9590,0x000000009dc80000)
 Metaspace       used 85930K, capacity 90610K, committed 94168K, reserved 1130496K
  class space    used 11564K, capacity 12410K, committed 13312K, reserved 1048576K
}
Event: 18.021 GC heap before
{Heap before GC invocations=44 (full 6):
 PSYoungGen      total 568320K, used 568070K [0x00000000d5580000, 0x0000000100000000, 0x0000000100000000)
  eden space 465408K, 100% used [0x00000000d5580000,0x00000000f1c00000,0x00000000f1c00000)
  from space 102912K, 99% used [0x00000000f1c00000,0x00000000f8041b48,0x00000000f8080000)
  to   space 126464K, 0% used [0x00000000f8480000,0x00000000f8480000,0x0000000100000000)
 ParOldGen       total 487936K, used 96933K [0x0000000080000000, 0x000000009dc80000, 0x00000000d5580000)
  object space 487936K, 19% used [0x0000000080000000,0x0000000085ea9590,0x000000009dc80000)
 Metaspace       used 87528K, capacity 92348K, committed 95704K, reserved 1132544K
  class space    used 11767K, capacity 12667K, committed 13568K, reserved 1048576K
Event: 18.026 GC heap after
Heap after GC invocations=44 (full 6):
 PSYoungGen      total 565248K, used 7189K [0x00000000d5580000, 0x0000000100000000, 0x0000000100000000)
  eden space 438784K, 0% used [0x00000000d5580000,0x00000000d5580000,0x00000000f0200000)
  from space 126464K, 5% used [0x00000000f8480000,0x00000000f8b85518,0x0000000100000000)
  to   space 130048K, 0% used [0x00000000f0200000,0x00000000f0200000,0x00000000f8100000)
 ParOldGen       total 487936K, used 96941K [0x0000000080000000, 0x000000009dc80000, 0x00000000d5580000)
  object space 487936K, 19% used [0x0000000080000000,0x0000000085eab590,0x000000009dc80000)
 Metaspace       used 87528K, capacity 92348K, committed 95704K, reserved 1132544K
  class space    used 11767K, capacity 12667K, committed 13568K, reserved 1048576K
}
Event: 59.719 GC heap before
{Heap before GC invocations=45 (full 6):
 PSYoungGen      total 565248K, used 445973K [0x00000000d5580000, 0x0000000100000000, 0x0000000100000000)
  eden space 438784K, 100% used [0x00000000d5580000,0x00000000f0200000,0x00000000f0200000)
  from space 126464K, 5% used [0x00000000f8480000,0x00000000f8b85518,0x0000000100000000)
  to   space 130048K, 0% used [0x00000000f0200000,0x00000000f0200000,0x00000000f8100000)
 ParOldGen       total 487936K, used 96941K [0x0000000080000000, 0x000000009dc80000, 0x00000000d5580000)
  object space 487936K, 19% used [0x0000000080000000,0x0000000085eab590,0x000000009dc80000)
 Metaspace       used 93610K, capacity 98612K, committed 101336K, reserved 1136640K
  class space    used 12336K, capacity 13275K, committed 14080K, reserved 1048576K
Event: 59.733 GC heap after
Heap after GC invocations=45 (full 6):
 PSYoungGen      total 568832K, used 36423K [0x00000000d5580000, 0x00000000ffd80000, 0x0000000100000000)
  eden space 438784K, 0% used [0x00000000d5580000,0x00000000d5580000,0x00000000f0200000)
  from space 130048K, 28% used [0x00000000f0200000,0x00000000f2591f28,0x00000000f8100000)
  to   space 126976K, 0% used [0x00000000f8180000,0x00000000f8180000,0x00000000ffd80000)
 ParOldGen       total 487936K, used 96949K [0x0000000080000000, 0x000000009dc80000, 0x00000000d5580000)
  object space 487936K, 19% used [0x0000000080000000,0x0000000085ead590,0x000000009dc80000)
 Metaspace       used 93610K, capacity 98612K, committed 101336K, reserved 1136640K
  class space    used 12336K, capacity 13275K, committed 14080K, reserved 1048576K
}

