# JRE version: OpenJDK Runtime Environment (8.0_242-b01) (build 1.8.0_242-release-1644-b01)
# Java VM: OpenJDK 64-Bit Server VM (25.242-b01 mixed mode windows-amd64 compressed oops)
Heap:
 PSYoungGen      total 583168K, used 62917K [0x00000000d5580000, 0x0000000100000000, 0x0000000100000000)
  eden space 467456K, 4% used [0x00000000d5580000,0x00000000d6a44bf8,0x00000000f1e00000)
  from space 115712K, 35% used [0x00000000f1e00000,0x00000000f46acb08,0x00000000f8f00000)
  to   space 110080K, 0% used [0x00000000f9480000,0x00000000f9480000,0x0000000100000000)
 ParOldGen       total 472576K, used 216270K [0x0000000080000000, 0x000000009cd80000, 0x00000000d5580000)
  object space 472576K, 45% used [0x0000000080000000,0x000000008d333ba8,0x000000009cd80000)
 Metaspace       used 123717K, capacity 130847K, committed 153728K, reserved 1181696K
  class space    used 15738K, capacity 17074K, committed 22528K, reserved 1048576K
GC Heap History (10 events):
Event: 701.612 GC heap before
{Heap before GC invocations=30 (full 4):
 PSYoungGen      total 568320K, used 286450K [0x00000000d5580000, 0x00000000ff380000, 0x0000000100000000)
  eden space 471040K, 53% used [0x00000000d5580000,0x00000000e4995d18,0x00000000f2180000)
  from space 97280K, 37% used [0x00000000f2180000,0x00000000f4526bc0,0x00000000f8080000)
  to   space 91648K, 0% used [0x00000000f9a00000,0x00000000f9a00000,0x00000000ff380000)
 ParOldGen       total 347136K, used 280068K [0x0000000080000000, 0x0000000095300000, 0x00000000d5580000)
  object space 347136K, 80% used [0x0000000080000000,0x0000000091181038,0x0000000095300000)
 Metaspace       used 150736K, capacity 163929K, committed 163968K, reserved 1191936K
  class space    used 19920K, capacity 22489K, committed 22528K, reserved 1048576K
Event: 701.634 GC heap after
Heap after GC invocations=30 (full 4):
 PSYoungGen      total 596480K, used 20884K [0x00000000d5580000, 0x00000000ff680000, 0x0000000100000000)
  eden space 504832K, 0% used [0x00000000d5580000,0x00000000d5580000,0x00000000f4280000)
  from space 91648K, 22% used [0x00000000f9a00000,0x00000000fae65030,0x00000000ff380000)
  to   space 89600K, 0% used [0x00000000f4280000,0x00000000f4280000,0x00000000f9a00000)
 ParOldGen       total 347136K, used 308620K [0x0000000080000000, 0x0000000095300000, 0x00000000d5580000)
  object space 347136K, 88% used [0x0000000080000000,0x0000000092d63300,0x0000000095300000)
 Metaspace       used 150736K, capacity 163929K, committed 163968K, reserved 1191936K
  class space    used 19920K, capacity 22489K, committed 22528K, reserved 1048576K
}
Event: 701.634 GC heap before
{Heap before GC invocations=31 (full 5):
 PSYoungGen      total 596480K, used 20884K [0x00000000d5580000, 0x00000000ff680000, 0x0000000100000000)
  eden space 504832K, 0% used [0x00000000d5580000,0x00000000d5580000,0x00000000f4280000)
  from space 91648K, 22% used [0x00000000f9a00000,0x00000000fae65030,0x00000000ff380000)
  to   space 89600K, 0% used [0x00000000f4280000,0x00000000f4280000,0x00000000f9a00000)
 ParOldGen       total 347136K, used 308620K [0x0000000080000000, 0x0000000095300000, 0x00000000d5580000)
  object space 347136K, 88% used [0x0000000080000000,0x0000000092d63300,0x0000000095300000)
 Metaspace       used 150736K, capacity 163929K, committed 163968K, reserved 1191936K
  class space    used 19920K, capacity 22489K, committed 22528K, reserved 1048576K
Event: 703.091 GC heap after
Heap after GC invocations=31 (full 5):
 PSYoungGen      total 596480K, used 0K [0x00000000d5580000, 0x00000000ff680000, 0x0000000100000000)
  eden space 504832K, 0% used [0x00000000d5580000,0x00000000d5580000,0x00000000f4280000)
  from space 91648K, 0% used [0x00000000f9a00000,0x00000000f9a00000,0x00000000ff380000)
  to   space 89600K, 0% used [0x00000000f4280000,0x00000000f4280000,0x00000000f9a00000)
 ParOldGen       total 472576K, used 111125K [0x0000000080000000, 0x000000009cd80000, 0x00000000d5580000)
  object space 472576K, 23% used [0x0000000080000000,0x0000000086c85570,0x000000009cd80000)
 Metaspace       used 120116K, capacity 126423K, committed 153728K, reserved 1181696K
  class space    used 15240K, capacity 16464K, committed 22528K, reserved 1048576K
}
Event: 705.475 GC heap before
{Heap before GC invocations=32 (full 5):
 PSYoungGen      total 596480K, used 504832K [0x00000000d5580000, 0x00000000ff680000, 0x0000000100000000)
  eden space 504832K, 100% used [0x00000000d5580000,0x00000000f4280000,0x00000000f4280000)
  from space 91648K, 0% used [0x00000000f9a00000,0x00000000f9a00000,0x00000000ff380000)
  to   space 89600K, 0% used [0x00000000f4280000,0x00000000f4280000,0x00000000f9a00000)
 ParOldGen       total 472576K, used 111147K [0x0000000080000000, 0x000000009cd80000, 0x00000000d5580000)
  object space 472576K, 23% used [0x0000000080000000,0x0000000086c8ad68,0x000000009cd80000)
 Metaspace       used 122986K, capacity 129983K, committed 153728K, reserved 1181696K
  class space    used 15695K, capacity 17020K, committed 22528K, reserved 1048576K
Event: 705.522 GC heap after
Heap after GC invocations=32 (full 5):
 PSYoungGen      total 594432K, used 64739K [0x00000000d5580000, 0x0000000100000000, 0x0000000100000000)
  eden space 504832K, 0% used [0x00000000d5580000,0x00000000d5580000,0x00000000f4280000)
  from space 89600K, 72% used [0x00000000f4280000,0x00000000f81b8ef8,0x00000000f9a00000)
  to   space 94720K, 0% used [0x00000000fa380000,0x00000000fa380000,0x0000000100000000)
 ParOldGen       total 472576K, used 111155K [0x0000000080000000, 0x000000009cd80000, 0x00000000d5580000)
  object space 472576K, 23% used [0x0000000080000000,0x0000000086c8cd68,0x000000009cd80000)
 Metaspace       used 122986K, capacity 129983K, committed 153728K, reserved 1181696K
  class space    used 15695K, capacity 17020K, committed 22528K, reserved 1048576K
}
Event: 705.838 GC heap before
{Heap before GC invocations=33 (full 5):
 PSYoungGen      total 594432K, used 569571K [0x00000000d5580000, 0x0000000100000000, 0x0000000100000000)
  eden space 504832K, 100% used [0x00000000d5580000,0x00000000f4280000,0x00000000f4280000)
  from space 89600K, 72% used [0x00000000f4280000,0x00000000f81b8ef8,0x00000000f9a00000)
  to   space 94720K, 0% used [0x00000000fa380000,0x00000000fa380000,0x0000000100000000)
 ParOldGen       total 472576K, used 111184K [0x0000000080000000, 0x000000009cd80000, 0x00000000d5580000)
  object space 472576K, 23% used [0x0000000080000000,0x0000000086c94088,0x000000009cd80000)
 Metaspace       used 123322K, capacity 130401K, committed 153728K, reserved 1181696K
  class space    used 15725K, capacity 17067K, committed 22528K, reserved 1048576K
Event: 706.485 GC heap after
Heap after GC invocations=33 (full 5):
 PSYoungGen      total 562176K, used 94703K [0x00000000d5580000, 0x0000000100000000, 0x0000000100000000)
  eden space 467456K, 0% used [0x00000000d5580000,0x00000000d5580000,0x00000000f1e00000)
  from space 94720K, 99% used [0x00000000fa380000,0x00000000ffffbc10,0x0000000100000000)
  to   space 115712K, 0% used [0x00000000f1e00000,0x00000000f1e00000,0x00000000f8f00000)
 ParOldGen       total 472576K, used 128462K [0x0000000080000000, 0x000000009cd80000, 0x00000000d5580000)
  object space 472576K, 27% used [0x0000000080000000,0x0000000087d73898,0x000000009cd80000)
 Metaspace       used 123322K, capacity 130401K, committed 153728K, reserved 1181696K
  class space    used 15725K, capacity 17067K, committed 22528K, reserved 1048576K
}
Event: 706.752 GC heap before
{Heap before GC invocations=34 (full 5):
 PSYoungGen      total 562176K, used 562159K [0x00000000d5580000, 0x0000000100000000, 0x0000000100000000)
  eden space 467456K, 100% used [0x00000000d5580000,0x00000000f1e00000,0x00000000f1e00000)
  from space 94720K, 99% used [0x00000000fa380000,0x00000000ffffbc10,0x0000000100000000)
  to   space 115712K, 0% used [0x00000000f1e00000,0x00000000f1e00000,0x00000000f8f00000)
 ParOldGen       total 472576K, used 128462K [0x0000000080000000, 0x000000009cd80000, 0x00000000d5580000)
  object space 472576K, 27% used [0x0000000080000000,0x0000000087d73898,0x000000009cd80000)
 Metaspace       used 123717K, capacity 130847K, committed 153728K, reserved 1181696K
  class space    used 15738K, capacity 17074K, committed 22528K, reserved 1048576K
Event: 706.804 GC heap after
Heap after GC invocations=34 (full 5):
 PSYoungGen      total 583168K, used 41650K [0x00000000d5580000, 0x0000000100000000, 0x0000000100000000)
  eden space 467456K, 0% used [0x00000000d5580000,0x00000000d5580000,0x00000000f1e00000)
  from space 115712K, 35% used [0x00000000f1e00000,0x00000000f46acb08,0x00000000f8f00000)
  to   space 110080K, 0% used [0x00000000f9480000,0x00000000f9480000,0x0000000100000000)
 ParOldGen       total 472576K, used 216270K [0x0000000080000000, 0x000000009cd80000, 0x00000000d5580000)
  object space 472576K, 45% used [0x0000000080000000,0x000000008d333ba8,0x000000009cd80000)
 Metaspace       used 123717K, capacity 130847K, committed 153728K, reserved 1181696K
  class space    used 15738K, capacity 17074K, committed 22528K, reserved 1048576K
}

